<?xml version="1.0" encoding="UTF-8"?>
<!-- Generated by org.testng.reporters.JUnitReportReporter -->
<testsuite hostname="DESKTOP-KGUM230" failures="0" tests="1" name="com.SauceDemo.TestPackage.TC03Verify_Singlebag_product_add_to_cart" time="15.781" errors="0" timestamp="2023-01-05T12:53:57 IST" skipped="0">
  <testcase classname="com.SauceDemo.TestPackage.TC03Verify_Singlebag_product_add_to_cart" name="Verify_bag_product_add_to_cart" time="15.781"/>
  <system-out/>
</testsuite> <!-- com.SauceDemo.TestPackage.TC03Verify_Singlebag_product_add_to_cart -->
