<?xml version="1.0" encoding="UTF-8"?>
<!-- Generated by org.testng.reporters.JUnitReportReporter -->
<testsuite hostname="DESKTOP-KGUM230" failures="0" tests="1" name="com.SauceDemo.TestPackage.TC02Verify_Logout_Functionality" time="9.748" errors="0" timestamp="2023-01-05T12:53:57 IST" skipped="0">
  <testcase classname="com.SauceDemo.TestPackage.TC02Verify_Logout_Functionality" name="VerifyLogOutFunctionality" time="9.748"/>
  <system-out/>
</testsuite> <!-- com.SauceDemo.TestPackage.TC02Verify_Logout_Functionality -->
