<?xml version="1.0" encoding="UTF-8"?>
<!-- Generated by org.testng.reporters.JUnitReportReporter -->
<testsuite hostname="DESKTOP-KGUM230" failures="0" tests="1" name="com.SauceDemo.TestPackage.TC01Verify_Login_Functionality" time="14.004" errors="0" timestamp="2023-01-05T12:53:57 IST" skipped="0">
  <testcase classname="com.SauceDemo.TestPackage.TC01Verify_Login_Functionality" name="VerifyLoginFunctionality" time="14.004"/>
  <system-out/>
</testsuite> <!-- com.SauceDemo.TestPackage.TC01Verify_Login_Functionality -->
