<?xml version="1.0" encoding="UTF-8"?>
<!-- Generated by org.testng.reporters.JUnitReportReporter -->
<testsuite hostname="DESKTOP-KGUM230" failures="0" tests="1" name="com.SauceDemo.TestPackage.TC04Verify_AllProduct_AddToCart_Functionality" time="15.853" errors="0" timestamp="2023-01-05T12:53:57 IST" skipped="0">
  <testcase classname="com.SauceDemo.TestPackage.TC04Verify_AllProduct_AddToCart_Functionality" name="addtocartallproductfunctionality" time="15.853"/>
  <system-out/>
</testsuite> <!-- com.SauceDemo.TestPackage.TC04Verify_AllProduct_AddToCart_Functionality -->
